DEBUG 2021-05-18 16:30:47.242 UTC: 	 CRAB Client version: v3.210323
DEBUG 2021-05-18 16:30:47.242 UTC: 	 Running on: Linux cmslpc107.fnal.gov 3.10.0-1160.21.1.el7.x86_64 #1 SMP Tue Mar 16 08:00:44 CDT 2021 x86_64 x86_64 x86_64 GNU/Linux - Scientific Linux 7.9 (Nitrogen)
DEBUG 2021-05-18 16:30:47.242 UTC: 	 Executing command: 'submit'
DEBUG 2021-05-18 16:30:47.243 UTC: 	 Found CRAB cache file /uscms/home/adas2/.crab3
INFO 2021-05-18 16:30:47.246 UTC: 	 Will use CRAB configuration file submit_crab.py
DEBUG 2021-05-18 16:30:47.247 UTC: 	 Loading CRAB configuration file.
DEBUG 2021-05-18 16:30:48.817 UTC: 	 Will use CRAB Analysis plugin (i.e. will run an analysis job type).
DEBUG 2021-05-18 16:30:48.843 UTC: 	 Checking credentials
DEBUG 2021-05-18 16:30:48.843 UTC: 	 Found proxy file /uscms/home/adas2/x509up_u56079
DEBUG 2021-05-18 16:30:48.844 UTC: 	 Getting proxy life time left
DEBUG 2021-05-18 16:30:48.949 UTC: 	 Executing : 
 command : voms-proxy-info -file /uscms/home/adas2/x509up_u56079 -timeleft
 output : 611354

 error: 
 retcode : 0
DEBUG 2021-05-18 16:30:49.054 UTC: 	 Executing : 
 command : voms-proxy-info -file /uscms/home/adas2/x509up_u56079 -actimeleft
 output : 611354

 error: 
 retcode : 0
DEBUG 2021-05-18 16:30:49.054 UTC: 	 Proxy valid for 169:49:14 hours
DEBUG 2021-05-18 16:30:49.160 UTC: 	 Executing : 
 command : env X509_USER_PROXY=/uscms/home/adas2/x509up_u56079 voms-proxy-info -fqan
 output : /cms/Role=NULL/Capability=NULL

 error: 
 retcode : 0
DEBUG 2021-05-18 16:30:49.789 UTC: 	 Registering user credentials for server /DC=ch/DC=cern/OU=computers/CN=vocms0105.cern.ch|/DC=ch/DC=cern/OU=computers/CN=crab-(preprod|prod|dev)-tw(02|01).cern.ch|/DC=ch/DC=cern/OU=computers/CN=(ddi|ddidk|mytw).cern.ch|/DC=ch/DC=cern/OU=computers/CN=stefanov(m|m2).cern.ch
DEBUG 2021-05-18 16:30:49.902 UTC: 	 Executing : 
 command : voms-proxy-info -file /uscms/home/adas2/x509up_u56079 -identity
 output : /DC=ch/DC=cern/OU=Organic Units/OU=Users/CN=ardas/CN=845460/CN=Archan Das

 error: 
 retcode : 0
DEBUG 2021-05-18 16:30:49.909 UTC: 	 Getting myproxy life time left for myproxy.cern.ch
DEBUG 2021-05-18 16:30:49.909 UTC: 	 using 72d5c825fb94b0149673ac71b8d91bbefac4ebde as credential login name
DEBUG 2021-05-18 16:30:50.716 UTC: 	 Executing : 
 command : myproxy-info -l 72d5c825fb94b0149673ac71b8d91bbefac4ebde -s myproxy.cern.ch
 output : username: 72d5c825fb94b0149673ac71b8d91bbefac4ebde
owner: /DC=ch/DC=cern/OU=Organic Units/OU=Users/CN=ardas/CN=845460/CN=Archan Das
  renewal policy: /DC=ch/DC=cern/OU=computers/CN=vocms0105.cern.ch|/DC=ch/DC=cern/OU=computers/CN=crab-(preprod|prod|dev)-tw(02|01).cern.ch|/DC=ch/DC=cern/OU=computers/CN=(ddi|ddidk|mytw).cern.ch|/DC=ch/DC=cern/OU=computers/CN=stefanov(m|m2).cern.ch
  trusted retrieval policy: /DC=ch/DC=cern/OU=computers/CN=vocms0105.cern.ch|/DC=ch/DC=cern/OU=computers/CN=crab-(preprod|prod|dev)-tw(02|01).cern.ch|/DC=ch/DC=cern/OU=computers/CN=(ddi|ddidk|mytw).cern.ch|/DC=ch/DC=cern/OU=computers/CN=stefanov(m|m2).cern.ch
  timeleft: 381:40:52  (15.9 days)

 error: 
 retcode : 0
DEBUG 2021-05-18 16:30:50.717 UTC: 	 Myproxy is valid: 1374052
DEBUG 2021-05-18 16:30:50.717 UTC: 	 Retrieving username ...
DEBUG 2021-05-18 16:30:50.717 UTC: 	 Retrieving username from CRIC...
DEBUG 2021-05-18 16:30:52.066 UTC: 	 username is ardas
DEBUG 2021-05-18 16:30:52.073 UTC: 	 Getting myproxy life time left for myproxy.cern.ch
DEBUG 2021-05-18 16:30:52.073 UTC: 	 using ardas_CRAB as credential login name
DEBUG 2021-05-18 16:30:52.981 UTC: 	 Executing : 
 command : myproxy-info -l ardas_CRAB -s myproxy.cern.ch
 output : username: ardas_CRAB
owner: /DC=ch/DC=cern/OU=Organic Units/OU=Users/CN=ardas/CN=845460/CN=Archan Das
  renewal policy: /DC=ch/DC=cern/OU=computers/CN=vocms0105.cern.ch|/DC=ch/DC=cern/OU=computers/CN=crab-(preprod|prod|dev)-tw(02|01).cern.ch|/DC=ch/DC=cern/OU=computers/CN=(ddi|ddidk|mytw).cern.ch|/DC=ch/DC=cern/OU=computers/CN=stefanov(m|m2).cern.ch
  trusted retrieval policy: /DC=ch/DC=cern/OU=computers/CN=vocms0105.cern.ch|/DC=ch/DC=cern/OU=computers/CN=crab-(preprod|prod|dev)-tw(02|01).cern.ch|/DC=ch/DC=cern/OU=computers/CN=(ddi|ddidk|mytw).cern.ch|/DC=ch/DC=cern/OU=computers/CN=stefanov(m|m2).cern.ch
  timeleft: 381:40:59  (15.9 days)

 error: 
 retcode : 0
DEBUG 2021-05-18 16:30:52.981 UTC: 	 Myproxy is valid: 1374059
DEBUG 2021-05-18 16:30:52.981 UTC: 	 Result of myproxy credential check:
  Credential exists on myproxy: username: 72d5c825fb94b0149673ac71b8d91bbefac4ebde  - validity: 15 days, 21:40:52
  Credential exists on myproxy: username: ardas_CRAB  - validity: 15 days, 21:40:59
DEBUG 2021-05-18 16:30:52.981 UTC: 	 Command use: submit
DEBUG 2021-05-18 16:30:52.982 UTC: 	 Options use: ['-c', 'submit_crab.py']
DEBUG 2021-05-18 16:30:53.642 UTC: 	 CRABClient version: v3.210323
DEBUG 2021-05-18 16:30:53.642 UTC: 	 Instance is prod
DEBUG 2021-05-18 16:30:53.642 UTC: 	 Server base url is cmsweb.cern.ch
DEBUG 2021-05-18 16:30:53.642 UTC: 	 Command url /crabserver/prod/workflow
DEBUG 2021-05-18 16:30:53.642 UTC: 	 Started submission
DEBUG 2021-05-18 16:30:53.642 UTC: 	 Working on /uscms_data/d3/adas2/pythia-stuff/EXO-MCsampleProductions/FullSimulation/RunIISummer20UL18/SIM__CMSSW_10_6_17_patch1/src/inputs/SIM_210518113034/crab_projects/crab_SIM_210518113034
DEBUG 2021-05-18 16:30:54.463 UTC: 	 Loading required information from the environment
DEBUG 2021-05-18 16:30:54.463 UTC: 	 Found CMSSW_10_6_18 for slc7_amd64_gcc700 with base /uscms_data/d3/adas2/pythia-stuff/EXO-MCsampleProductions/FullSimulation/RunIISummer20UL18/wmLHEGEN__CMSSW_10_6_18
DEBUG 2021-05-18 16:30:54.463 UTC: 	 Loading required information from the environment
DEBUG 2021-05-18 16:30:54.463 UTC: 	 Found CMSSW_10_6_18 for slc7_amd64_gcc700 with base /uscms_data/d3/adas2/pythia-stuff/EXO-MCsampleProductions/FullSimulation/RunIISummer20UL18/wmLHEGEN__CMSSW_10_6_18
DEBUG 2021-05-18 16:30:54.463 UTC: 	 UNIQUE NAME: tarUUID 5c276470-edbb-4236-8684-6c6d1dddb721 
DEBUG 2021-05-18 16:30:54.464 UTC: 	 self.config: from WMCore.Configuration import Configuration
config = Configuration()
config.section_('General')
config.General.transferLogs = True
config.General.transferOutputs = True
config.General.workArea = 'crab_projects'
config.General.requestName = 'SIM_210518113034'
config.section_('JobType')
config.JobType.psetName = 'run_crab.py'
config.JobType.pluginName = 'Analysis'
config.JobType.numCores = 4
config.JobType.maxMemoryMB = 4000
config.section_('Data')
config.Data.inputDataset = '/GEN_Hpp_NEW_test/ardas-RunIISummer20UL18_GEN-42b65214d01566d851ba74f16b93e2b1/USER'
config.Data.outputDatasetTag = 'RunIISummer20UL18_SIM'
config.Data.publication = True
config.Data.unitsPerJob = 1
config.Data.ignoreLocality = True
config.Data.splitting = 'FileBased'
config.Data.inputDBS = 'phys03'
config.Data.outLFNDirBase = '/store/user/ardas/'
config.section_('Site')
config.Site.whitelist = ['T2_*', 'T3_*']
config.Site.storageSite = 'T3_US_FNALLPC'
config.section_('User')
config.section_('Debug')

DEBUG 2021-05-18 16:30:54.464 UTC: 	 self.config.JobType.psetName: run_crab.py
INFO 2021-05-18 16:30:54.464 UTC: 	 Importing CMSSW configuration run_crab.py
INFO 2021-05-18 16:30:58.011 UTC: 	 Finished importing CMSSW configuration run_crab.py
INFO 2021-05-18 16:30:58.011 UTC: 	 You are requesting more than 1 core per job. Please make sure that your multi-threaded code is thread-safe and CPU-efficient, and request the correct amount of memory since the default 'maxMemoryMB' value is meant for single core jobs.
DEBUG 2021-05-18 16:30:58.012 UTC: 	 Writing CMSSW configuration to /uscms_data/d3/adas2/pythia-stuff/EXO-MCsampleProductions/FullSimulation/RunIISummer20UL18/SIM__CMSSW_10_6_17_patch1/src/inputs/SIM_210518113034/crab_projects/crab_SIM_210518113034/inputs/PSet.py
DEBUG 2021-05-18 16:30:58.533 UTC: 	 The following EDM output files will be collected: ['SIM.root']
DEBUG 2021-05-18 16:30:58.533 UTC: 	 The following TFile output files will be collected: []
DEBUG 2021-05-18 16:30:58.533 UTC: 	 The following user output files (not listed as PoolOuputModule or TFileService in the CMSSW PSet) will be collected: 
DEBUG 2021-05-18 16:30:58.533 UTC: 	 Loading required information from the environment
DEBUG 2021-05-18 16:30:58.533 UTC: 	 Found CMSSW_10_6_18 for slc7_amd64_gcc700 with base /uscms_data/d3/adas2/pythia-stuff/EXO-MCsampleProductions/FullSimulation/RunIISummer20UL18/wmLHEGEN__CMSSW_10_6_18
DEBUG 2021-05-18 16:30:58.533 UTC: 	 Making tarball in /uscms_data/d3/adas2/pythia-stuff/EXO-MCsampleProductions/FullSimulation/RunIISummer20UL18/SIM__CMSSW_10_6_17_patch1/src/inputs/SIM_210518113034/crab_projects/crab_SIM_210518113034/inputs/5c276470-edbb-4236-8684-6c6d1dddb721default.tgz
DEBUG 2021-05-18 16:30:58.535 UTC: 	 Checking directory /uscms_data/d3/adas2/pythia-stuff/EXO-MCsampleProductions/FullSimulation/RunIISummer20UL18/wmLHEGEN__CMSSW_10_6_18/lib
DEBUG 2021-05-18 16:30:58.535 UTC: 	 Adding directory /uscms_data/d3/adas2/pythia-stuff/EXO-MCsampleProductions/FullSimulation/RunIISummer20UL18/wmLHEGEN__CMSSW_10_6_18/lib to tarball
DEBUG 2021-05-18 16:30:58.537 UTC: 	 Checking directory /uscms_data/d3/adas2/pythia-stuff/EXO-MCsampleProductions/FullSimulation/RunIISummer20UL18/wmLHEGEN__CMSSW_10_6_18/biglib
DEBUG 2021-05-18 16:30:58.537 UTC: 	 Adding directory /uscms_data/d3/adas2/pythia-stuff/EXO-MCsampleProductions/FullSimulation/RunIISummer20UL18/wmLHEGEN__CMSSW_10_6_18/biglib to tarball
DEBUG 2021-05-18 16:30:58.539 UTC: 	 Checking directory /uscms_data/d3/adas2/pythia-stuff/EXO-MCsampleProductions/FullSimulation/RunIISummer20UL18/wmLHEGEN__CMSSW_10_6_18/module
DEBUG 2021-05-18 16:30:58.757 UTC: 	 Uploading archive /uscms_data/d3/adas2/pythia-stuff/EXO-MCsampleProductions/FullSimulation/RunIISummer20UL18/SIM__CMSSW_10_6_17_patch1/src/inputs/SIM_210518113034/crab_projects/crab_SIM_210518113034/inputs/5c276470-edbb-4236-8684-6c6d1dddb721default.tgz (134 KB) to the CRAB cache. Using URI https://cmsweb.cern.ch:8443/crabcache
DEBUG 2021-05-18 16:31:00.022 UTC: 	 Loading required information from the environment
DEBUG 2021-05-18 16:31:00.022 UTC: 	 Found CMSSW_10_6_18 for slc7_amd64_gcc700 with base /uscms_data/d3/adas2/pythia-stuff/EXO-MCsampleProductions/FullSimulation/RunIISummer20UL18/wmLHEGEN__CMSSW_10_6_18
DEBUG 2021-05-18 16:31:00.022 UTC: 	 Making tarball in /uscms_data/d3/adas2/pythia-stuff/EXO-MCsampleProductions/FullSimulation/RunIISummer20UL18/SIM__CMSSW_10_6_17_patch1/src/inputs/SIM_210518113034/crab_projects/crab_SIM_210518113034/inputs/debugFiles.tgz
DEBUG 2021-05-18 16:31:00.027 UTC: 	 Uploading archive /uscms_data/d3/adas2/pythia-stuff/EXO-MCsampleProductions/FullSimulation/RunIISummer20UL18/SIM__CMSSW_10_6_17_patch1/src/inputs/SIM_210518113034/crab_projects/crab_SIM_210518113034/inputs/debugFiles.tgz (2 KB) to the CRAB cache. Using URI https://cmsweb.cern.ch:8443/crabcache
DEBUG 2021-05-18 16:31:00.773 UTC: 	 Result uploading input files: 44b82371c064b4e7fffadc483ebda86d922cf1180c42a489093f4315c8da0b76.tar.gz 
INFO 2021-05-18 16:31:00.773 UTC: 	 Sending the request to the server at cmsweb.cern.ch
DEBUG 2021-05-18 16:31:00.773 UTC: 	 Submitting {'maxjobruntime': 1250, 'extrajdl': [], 'ignorelocality': 1, 'savelogsflag': 1, 'useparent': 0, 'asyncdest': 'T3_US_FNALLPC', 'algoargs': 1, 'cachefilename': '44b82371c064b4e7fffadc483ebda86d922cf1180c42a489093f4315c8da0b76.tar.gz', 'numcores': 4, 'addoutputfiles': [], 'generator': 'pythia', 'maxmemory': 4000, 'publishdbsurl': 'https://cmsweb.cern.ch/dbs/prod/phys03/DBSWriter', 'priority': 10, 'jobsw': 'CMSSW_10_6_18', 'edmoutfiles': ['SIM.root'], 'userfiles': [], 'primarydataset': '', 'inputdata': '/GEN_Hpp_NEW_test/ardas-RunIISummer20UL18_GEN-42b65214d01566d851ba74f16b93e2b1/USER', 'lfn': '/store/user/ardas/', 'dryrun': 0, 'workflow': 'crab_SIM_210518113034', 'sitewhitelist': ['T2_*', 'T3_*'], 'nonprodsw': 0, 'tfileoutfiles': [], 'oneEventMode': 0, 'debugfilename': 'b6398c01bf9545524ba86973ec819521f981e8d12f57bf96a7170f7e350a4b83.tar.gz', 'cacheurl': u'https://cmsweb.cern.ch:8443/crabcache', 'saveoutput': 1, 'publication': 1, 'jobarch': 'slc7_amd64_gcc700', 'totalunits': 0, 'splitalgo': 'FileBased', 'ignoreglobalblacklist': 0, 'nonvaliddata': 0, 'dbsurl': 'https://cmsweb.cern.ch/dbs/prod/phys03/DBSReader', 'publishgroupname': 0, 'jobtype': 'Analysis', 'publishname2': 'RunIISummer20UL18_SIM'} 
DEBUG 2021-05-18 16:31:00.774 UTC: 	 Encoded submit request: maxjobruntime=1250&ignorelocality=1&savelogsflag=1&useparent=0&asyncdest=T3_US_FNALLPC&algoargs=1&cachefilename=44b82371c064b4e7fffadc483ebda86d922cf1180c42a489093f4315c8da0b76.tar.gz&numcores=4&generator=pythia&maxmemory=4000&publishdbsurl=https%3A%2F%2Fcmsweb.cern.ch%2Fdbs%2Fprod%2Fphys03%2FDBSWriter&priority=10&jobsw=CMSSW_10_6_18&primarydataset=&inputdata=%2FGEN_Hpp_NEW_test%2Fardas-RunIISummer20UL18_GEN-42b65214d01566d851ba74f16b93e2b1%2FUSER&lfn=%2Fstore%2Fuser%2Fardas%2F&dryrun=0&workflow=crab_SIM_210518113034&nonprodsw=0&oneEventMode=0&debugfilename=b6398c01bf9545524ba86973ec819521f981e8d12f57bf96a7170f7e350a4b83.tar.gz&cacheurl=https%3A%2F%2Fcmsweb.cern.ch%3A8443%2Fcrabcache&saveoutput=1&publication=1&jobarch=slc7_amd64_gcc700&totalunits=0&splitalgo=FileBased&ignoreglobalblacklist=0&nonvaliddata=0&dbsurl=https%3A%2F%2Fcmsweb.cern.ch%2Fdbs%2Fprod%2Fphys03%2FDBSReader&publishgroupname=0&jobtype=Analysis&publishname2=RunIISummer20UL18_SIM&sitewhitelist=T2_%2A&sitewhitelist=T3_%2A&edmoutfiles=SIM.root
DEBUG 2021-05-18 16:31:01.608 UTC: 	 Result: {u'result': [{u'RequestName': u'210518_163101:ardas_crab_SIM_210518113034'}]}
INFO 2021-05-18 16:31:01.612 UTC: 	 Success: Your task has been delivered to the prod CRAB3 server.
INFO 2021-05-18 16:31:01.612 UTC: 	 Task name: 210518_163101:ardas_crab_SIM_210518113034
INFO 2021-05-18 16:31:01.613 UTC: 	 Project dir: crab_projects/crab_SIM_210518113034
INFO 2021-05-18 16:31:01.613 UTC: 	 Please use ' crab status -d crab_projects/crab_SIM_210518113034 ' to check how the submission process proceeds.
DEBUG 2021-05-18 16:31:01.613 UTC: 	 About to return
INFO 2021-05-18 16:31:01.617 UTC: 	 Log file is /uscms_data/d3/adas2/pythia-stuff/EXO-MCsampleProductions/FullSimulation/RunIISummer20UL18/SIM__CMSSW_10_6_17_patch1/src/inputs/SIM_210518113034/crab_projects/crab_SIM_210518113034/crab.log
DEBUG 2021-05-18 16:33:14.503 UTC: 	 CRAB Client version: v3.210323
DEBUG 2021-05-18 16:33:14.504 UTC: 	 Running on: Linux cmslpc107.fnal.gov 3.10.0-1160.21.1.el7.x86_64 #1 SMP Tue Mar 16 08:00:44 CDT 2021 x86_64 x86_64 x86_64 GNU/Linux - Scientific Linux 7.9 (Nitrogen)
DEBUG 2021-05-18 16:33:14.504 UTC: 	 Executing command: 'status'
DEBUG 2021-05-18 16:33:14.504 UTC: 	 Found CRAB cache file /uscms/home/adas2/.crab3
DEBUG 2021-05-18 16:33:14.519 UTC: 	 Checking credentials
DEBUG 2021-05-18 16:33:14.519 UTC: 	 Found proxy file /uscms/home/adas2/x509up_u56079
DEBUG 2021-05-18 16:33:14.519 UTC: 	 Getting proxy life time left
DEBUG 2021-05-18 16:33:14.622 UTC: 	 Executing : 
 command : voms-proxy-info -file /uscms/home/adas2/x509up_u56079 -timeleft
 output : 611208

 error: 
 retcode : 0
DEBUG 2021-05-18 16:33:14.726 UTC: 	 Executing : 
 command : voms-proxy-info -file /uscms/home/adas2/x509up_u56079 -actimeleft
 output : 611208

 error: 
 retcode : 0
DEBUG 2021-05-18 16:33:14.726 UTC: 	 Proxy valid for 169:46:48 hours
DEBUG 2021-05-18 16:33:15.288 UTC: 	 Registering user credentials for server /DC=ch/DC=cern/OU=computers/CN=vocms0105.cern.ch|/DC=ch/DC=cern/OU=computers/CN=crab-(preprod|prod|dev)-tw(02|01).cern.ch|/DC=ch/DC=cern/OU=computers/CN=(ddi|ddidk|mytw).cern.ch|/DC=ch/DC=cern/OU=computers/CN=stefanov(m|m2).cern.ch
DEBUG 2021-05-18 16:33:15.397 UTC: 	 Executing : 
 command : voms-proxy-info -file /uscms/home/adas2/x509up_u56079 -identity
 output : /DC=ch/DC=cern/OU=Organic Units/OU=Users/CN=ardas/CN=845460/CN=Archan Das

 error: 
 retcode : 0
DEBUG 2021-05-18 16:33:15.402 UTC: 	 Getting myproxy life time left for myproxy.cern.ch
DEBUG 2021-05-18 16:33:15.402 UTC: 	 using 72d5c825fb94b0149673ac71b8d91bbefac4ebde as credential login name
DEBUG 2021-05-18 16:33:16.408 UTC: 	 Executing : 
 command : myproxy-info -l 72d5c825fb94b0149673ac71b8d91bbefac4ebde -s myproxy.cern.ch
 output : username: 72d5c825fb94b0149673ac71b8d91bbefac4ebde
owner: /DC=ch/DC=cern/OU=Organic Units/OU=Users/CN=ardas/CN=845460/CN=Archan Das
  renewal policy: /DC=ch/DC=cern/OU=computers/CN=vocms0105.cern.ch|/DC=ch/DC=cern/OU=computers/CN=crab-(preprod|prod|dev)-tw(02|01).cern.ch|/DC=ch/DC=cern/OU=computers/CN=(ddi|ddidk|mytw).cern.ch|/DC=ch/DC=cern/OU=computers/CN=stefanov(m|m2).cern.ch
  trusted retrieval policy: /DC=ch/DC=cern/OU=computers/CN=vocms0105.cern.ch|/DC=ch/DC=cern/OU=computers/CN=crab-(preprod|prod|dev)-tw(02|01).cern.ch|/DC=ch/DC=cern/OU=computers/CN=(ddi|ddidk|mytw).cern.ch|/DC=ch/DC=cern/OU=computers/CN=stefanov(m|m2).cern.ch
  timeleft: 381:38:26  (15.9 days)

 error: 
 retcode : 0
DEBUG 2021-05-18 16:33:16.409 UTC: 	 Myproxy is valid: 1373906
DEBUG 2021-05-18 16:33:16.409 UTC: 	 Retrieving username ...
DEBUG 2021-05-18 16:33:16.409 UTC: 	 Retrieving username from CRIC...
DEBUG 2021-05-18 16:33:17.721 UTC: 	 username is ardas
DEBUG 2021-05-18 16:33:17.728 UTC: 	 Getting myproxy life time left for myproxy.cern.ch
DEBUG 2021-05-18 16:33:17.728 UTC: 	 using ardas_CRAB as credential login name
DEBUG 2021-05-18 16:33:18.534 UTC: 	 Executing : 
 command : myproxy-info -l ardas_CRAB -s myproxy.cern.ch
 output : username: ardas_CRAB
owner: /DC=ch/DC=cern/OU=Organic Units/OU=Users/CN=ardas/CN=845460/CN=Archan Das
  renewal policy: /DC=ch/DC=cern/OU=computers/CN=vocms0105.cern.ch|/DC=ch/DC=cern/OU=computers/CN=crab-(preprod|prod|dev)-tw(02|01).cern.ch|/DC=ch/DC=cern/OU=computers/CN=(ddi|ddidk|mytw).cern.ch|/DC=ch/DC=cern/OU=computers/CN=stefanov(m|m2).cern.ch
  trusted retrieval policy: /DC=ch/DC=cern/OU=computers/CN=vocms0105.cern.ch|/DC=ch/DC=cern/OU=computers/CN=crab-(preprod|prod|dev)-tw(02|01).cern.ch|/DC=ch/DC=cern/OU=computers/CN=(ddi|ddidk|mytw).cern.ch|/DC=ch/DC=cern/OU=computers/CN=stefanov(m|m2).cern.ch
  timeleft: 381:38:33  (15.9 days)

 error: 
 retcode : 0
DEBUG 2021-05-18 16:33:18.534 UTC: 	 Myproxy is valid: 1373913
DEBUG 2021-05-18 16:33:18.535 UTC: 	 Result of myproxy credential check:
  Credential exists on myproxy: username: 72d5c825fb94b0149673ac71b8d91bbefac4ebde  - validity: 15 days, 21:38:26
  Credential exists on myproxy: username: ardas_CRAB  - validity: 15 days, 21:38:33
DEBUG 2021-05-18 16:33:18.536 UTC: 	 Command use: status
DEBUG 2021-05-18 16:33:18.536 UTC: 	 Options use: []
DEBUG 2021-05-18 16:33:19.158 UTC: 	 CRABClient version: v3.210323
DEBUG 2021-05-18 16:33:19.158 UTC: 	 Instance is prod
DEBUG 2021-05-18 16:33:19.158 UTC: 	 Server base url is cmsweb.cern.ch
DEBUG 2021-05-18 16:33:19.158 UTC: 	 Command url /crabserver/prod/workflow
DEBUG 2021-05-18 16:33:19.732 UTC: 	 Got information from server oracle database: {u'result': [u'210518_163101:ardas_crab_SIM_210518113034', u'None', u'None', u'SUBMITTED', u'SUBMIT', u'2021-05-18 16:31:01.548370', u'None', u'2021-05-18 16:31:49.683564', u'None', u'CMSSW_10_6_18', u'slc7_amd64_gcc700', u'/GEN_Hpp_NEW_test/ardas-RunIISummer20UL18_GEN-42b65214d01566d851ba74f16b93e2b1/USER', u'F', u'0', u"['T3_US_PuertoRico', 'T3_RU_MEPhI', 'T2_FI_HIP', 'T2_UK_SGrid_RALPP', 'T2_FR_GRIF_LLR', 'T3_US_Baylor', 'T3_UK_London_QMUL', 'T3_TW_NTU_HEP', 'T3_US_FNALWILSON', 'T2_RU_SINP', 'T3_US_UMD', 'T3_US_Colorado', 'T3_US_Kansas', 'T3_GR_IASA', 'T2_IT_Bari', 'T2_US_UCSD', 'T2_RU_IHEP', 'T3_US_JHU', 'T3_BY_NCPHEP', 'T2_US_Vanderbilt', 'T3_US_UCR', 'T3_TW_NCU', 'T2_CH_CSCS', 'T2_UA_KIPT', 'T2_PK_NCP', 'T3_KR_KNU', 'T2_FR_IPHC', 'T3_US_OSU', 'T3_US_TAMU', 'T2_IT_Rome', 'T2_UK_London_Brunel', 'T3_IN_PUHEP', 'T3_US_OSG', 'T3_IT_Trieste', 'T2_EE_Estonia', 'T2_IN_TIFR', 'T2_CN_Beijing', 'T2_US_Florida', 'T3_US_Princeton_ICSE', 'T3_IT_MIB', 'T3_US_PSC', 'T3_US_Rutgers', 'T2_US_Wisconsin', 'T2_HU_Budapest', 'T2_DE_RWTH', 'T2_BR_SPRACE', 'T3_UK_SGrid_Oxford', 'T3_US_TACC', 'T2_CH_CERN', 'T2_BR_UERJ', 'T3_MX_Cinvestav', 'T3_US_FNALLPC', 'T3_RU_FIAN', 'T3_CH_CERN_DOMA', 'T2_ES_IFCA', 'T3_ES_Oviedo', 'T3_US_NotreDame', 'T2_DE_DESY', 'T3_HU_Debrecen', 'T2_US_Caltech', 'T3_US_VC3_NotreDame', 'T3_FR_IPNL', 'T3_BG_UNI_SOFIA', 'T3_UK_London_RHUL', 'T3_IN_TIFRCloud', 'T3_CN_PKU', 'T2_UK_London_IC', 'T2_US_Nebraska', 'T2_ES_CIEMAT', 'T3_UK_ScotGrid_GLA', 'T2_KR_KISTI', 'T3_KR_UOS', 'T3_IT_Perugia', 'T2_TR_METU', 'T2_AT_Vienna', 'T2_US_Purdue', 'T3_US_Rice', 'T2_TW_NCHC', 'T2_BE_UCL', 'T3_US_FIT', 'T2_UK_SGrid_Bristol', 'T2_PT_NCG_Lisbon', 'T3_US_UMiss', 'T2_IT_Legnaro', 'T2_RU_ITEP', 'T3_US_SDSC', 'T2_RU_JINR', 'T2_IT_Pisa', 'T2_GR_Ioannina', 'T3_US_MIT', 'T2_CH_CERN_HLT', 'T2_FR_GRIF_IRFU', 'T3_US_NERSC', 'T2_FR_CCIN2P3', 'T2_US_MIT', 'T2_BE_IIHE', 'T2_RU_INR', 'T2_PL_Swierk', 'T3_CH_PSI', 'T3_IT_Bologna']", u'[]', u'FileBased', u"{'splitOnRun': False, 'halt_job_on_file_boundaries': False, 'files_per_job': 1, 'runs': [], 'lumis': []}", u'44b82371c064b4e7fffadc483ebda86d922cf1180c42a489093f4315c8da0b76.tar.gz', u'https://cmsweb.cern.ch:8443/crabcache', u'ardas', u'/DC=ch/DC=cern/OU=Organic Units/OU=Users/CN=ardas/CN=845460/CN=Archan Das', u'cms', u'None', u'None', u'RunIISummer20UL18_SIM-00000000000000000000000000000000', u'F', u'T3_US_FNALLPC', u'https://cmsweb.cern.ch/dbs/prod/phys03/DBSReader', u'https://cmsweb.cern.ch/dbs/prod/phys03/DBSWriter', u'T', u'[]', u'[]', u"['SIM.root']", u'Analysis', u'pythia', u'None', u'{}', u'[]', u'T', u'crab-prod-tw01', u'[]', u'1250', u'4', u'4000', u'10', u'None', u'["The following sites from the user site whitelist are blacklisted by the CRAB server: [u\'T3_US_UCR\', u\'T3_US_FNALLPC\', u\'T3_FR_IPNL\', u\'T3_CN_PKU\', u\'T3_RU_FIAN\', u\'T3_TW_NTU_HEP\', u\'T2_PT_NCG_Lisbon\', u\'T3_US_UMiss\', u\'T3_US_NotreDame\', u\'T2_RU_SINP\', u\'T3_US_SDSC\', u\'T3_IN_PUHEP\', u\'T3_US_OSG\', u\'T2_GR_Ioannina\', u\'T3_US_MIT\', u\'T2_CH_CERN_HLT\', u\'T3_US_Kansas\', u\'T3_US_Princeton_ICSE\', u\'T3_US_NERSC\', u\'T3_GR_IASA\', u\'T3_US_PSC\', u\'T3_US_Rutgers\', u\'T2_FR_CCIN2P3\', u\'T3_IT_MIB\', u\'T2_RU_ITEP\', u\'T3_US_JHU\', u\'T3_BY_NCPHEP\', u\'T3_US_TACC\', u\'T3_KR_UOS\', u\'T3_CH_PSI\', u\'T3_IN_TIFRCloud\']. Since the CRAB server blacklist has precedence, these sites are not considered in the user whitelist."]', u'http://vocms0197.cern.ch/mon/cms009/210518_163101:ardas_crab_SIM_210518113034', u'None', u'[]', u'[]', u'https://cmsweb.cern.ch/crabserver/prod', u'cmsgwms-collector-global.cern.ch:9620,cmsgwms-collector-global.fnal.gov:9620', u'crab3@vocms0197.cern.ch', u'F', u'[]', u'T', u'/store/user/ardas/', u'T', u'None', u'F', u'None', u'GEN_Hpp_NEW_test', u'None', u'b6398c01bf9545524ba86973ec819521f981e8d12f57bf96a7170f7e350a4b83.tar.gz', u'64611759', u'filetransfers', u'F', u'188.185.120.166', u'0.0', u'None'], u'desc': {u'columns': [u'tm_taskname', u'tm_activity', u'panda_jobset_id', u'tm_task_status', u'tm_task_command', u'tm_start_time', u'tm_start_injection', u'tm_end_injection', u'tm_task_failure', u'tm_job_sw', u'tm_job_arch', u'tm_input_dataset', u'tm_nonvalid_input_dataset', u'tm_use_parent', u'tm_site_whitelist', u'tm_site_blacklist', u'tm_split_algo', u'tm_split_args', u'tm_user_sandbox', u'tm_cache_url', u'tm_username', u'tm_user_dn', u'tm_user_vo', u'tm_user_role', u'tm_user_group', u'tm_publish_name', u'tm_publish_groupname', u'tm_asyncdest', u'tm_dbs_url', u'tm_publish_dbs_url', u'tm_publication', u'tm_outfiles', u'tm_tfile_outfiles', u'tm_edm_outfiles', u'tm_job_type', u'tm_generator', u'tm_events_per_lumi', u'tm_arguments', u'panda_resubmitted_jobs', u'tm_save_logs', u'tw_name', u'tm_user_infiles', u'tm_maxjobruntime', u'tm_numcores', u'tm_maxmemory', u'tm_priority', u'tm_output_dataset', u'tm_task_warnings', u'tm_user_webdir', u'tm_scriptexe', u'tm_scriptargs', u'tm_extrajdl', u'tm_asourl', u'tm_collector', u'tm_schedd', u'tm_dry_run', u'tm_user_files', u'tm_transfer_outputs', u'tm_output_lfn', u'tm_ignore_locality', u'tm_fail_limit', u'tm_one_event_mode', u'tm_secondary_input_dataset', u'tm_primary_dataset', u'tm_last_publication', u'tm_debug_files', u'clusterid', u'tm_asodb', u'tm_ignore_global_blacklist', u'tm_submitter_ip_addr', u'tm_totalunits', u'tm_ddm_reqid']}}
INFO 2021-05-18 16:33:19.732 UTC: 	 CRAB project directory:		/uscms_data/d3/adas2/pythia-stuff/EXO-MCsampleProductions/FullSimulation/RunIISummer20UL18/SIM__CMSSW_10_6_17_patch1/src/inputs/SIM_210518113034/crab_projects/crab_SIM_210518113034
INFO 2021-05-18 16:33:19.732 UTC: 	 Task name:			210518_163101:ardas_crab_SIM_210518113034
INFO 2021-05-18 16:33:19.732 UTC: 	 Grid scheduler - Task Worker:	crab3@vocms0197.cern.ch - crab-prod-tw01
INFO 2021-05-18 16:33:19.732 UTC: 	 Status on the CRAB server:	SUBMITTED
INFO 2021-05-18 16:33:19.733 UTC: 	 Task URL to use for HELP:	https://cmsweb.cern.ch/crabserver/ui/task/210518_163101%3Aardas_crab_SIM_210518113034
INFO 2021-05-18 16:33:19.739 UTC: 	 Dashboard monitoring URL:	https://monit-grafana.cern.ch/d/cmsTMDetail/cms-task-monitoring-task-view?orgId=11&var-user=ardas&var-task=210518_163101%3Aardas_crab_SIM_210518113034&from=1621351861000&to=now
WARNING 2021-05-18 16:33:19.739 UTC: 	 Warning:			The following sites from the user site whitelist are blacklisted by the CRAB server: [u'T3_US_UCR', u'T3_US_FNALLPC', u'T3_FR_IPNL', u'T3_CN_PKU', u'T3_RU_FIAN', u'T3_TW_NTU_HEP', u'T2_PT_NCG_Lisbon', u'T3_US_UMiss', u'T3_US_NotreDame', u'T2_RU_SINP', u'T3_US_SDSC', u'T3_IN_PUHEP', u'T3_US_OSG', u'T2_GR_Ioannina', u'T3_US_MIT', u'T2_CH_CERN_HLT', u'T3_US_Kansas', u'T3_US_Princeton_ICSE', u'T3_US_NERSC', u'T3_GR_IASA', u'T3_US_PSC', u'T3_US_Rutgers', u'T2_FR_CCIN2P3', u'T3_IT_MIB', u'T2_RU_ITEP', u'T3_US_JHU', u'T3_BY_NCPHEP', u'T3_US_TACC', u'T3_KR_UOS', u'T3_CH_PSI', u'T3_IN_TIFRCloud']. Since the CRAB server blacklist has precedence, these sites are not considered in the user whitelist.
DEBUG 2021-05-18 16:33:19.740 UTC: 	 The CRAB server submitted your task to the Grid scheduler (cluster ID: 64611759)
DEBUG 2021-05-18 16:33:19.740 UTC: 	 Webdir is located at http://vocms0197.cern.ch/mon/cms009/210518_163101:ardas_crab_SIM_210518113034
DEBUG 2021-05-18 16:33:20.364 UTC: 	 Proxied webdir is located at https://cmsweb.cern.ch:8443/scheddmon/0197/cms009/210518_163101:ardas_crab_SIM_210518113034
DEBUG 2021-05-18 16:33:20.364 UTC: 	 Retrieving 'status_cache' file from https://cmsweb.cern.ch:8443/scheddmon/0197/cms009/210518_163101:ardas_crab_SIM_210518113034/status_cache
DEBUG 2021-05-18 16:33:20.936 UTC: 	 Got information from status cache file: {'56': {'Retries': 0, 'WallDurations': [0], 'StartTimes': [], 'SubmitTimes': [1621355555.0], 'JobIds': ['64611978.0'], 'EndTimes': [], 'Restarts': 0, 'RecordedSite': False, 'State': 'idle', 'ResidentSetSize': [0], 'TotalUserCpuTimeHistory': [0.0], 'SiteHistory': ['Unknown'], 'TotalSysCpuTimeHistory': [0.0]}, '28': {'Retries': 0, 'WallDurations': [0], 'StartTimes': [], 'SubmitTimes': [1621355540.0], 'JobIds': ['64611909.0'], 'EndTimes': [], 'Restarts': 0, 'RecordedSite': False, 'State': 'idle', 'ResidentSetSize': [0], 'TotalUserCpuTimeHistory': [0.0], 'SiteHistory': ['Unknown'], 'TotalSysCpuTimeHistory': [0.0]}, '29': {'Retries': 0, 'WallDurations': [0], 'StartTimes': [], 'SubmitTimes': [1621355541.0], 'JobIds': ['64611912.0'], 'EndTimes': [], 'Restarts': 0, 'RecordedSite': False, 'State': 'idle', 'ResidentSetSize': [0], 'TotalUserCpuTimeHistory': [0.0], 'SiteHistory': ['Unknown'], 'TotalSysCpuTimeHistory': [0.0]}, '35': {'Retries': 0, 'WallDurations': [0], 'StartTimes': [], 'SubmitTimes': [1621355542.0], 'JobIds': ['64611915.0'], 'EndTimes': [], 'Restarts': 0, 'RecordedSite': False, 'State': 'idle', 'ResidentSetSize': [0], 'TotalUserCpuTimeHistory': [0.0], 'SiteHistory': ['Unknown'], 'TotalSysCpuTimeHistory': [0.0]}, '34': {'Retries': 0, 'WallDurations': [0], 'StartTimes': [], 'SubmitTimes': [1621355544.0], 'JobIds': ['64611918.0'], 'EndTimes': [], 'Restarts': 0, 'RecordedSite': False, 'State': 'idle', 'ResidentSetSize': [0], 'TotalUserCpuTimeHistory': [0.0], 'SiteHistory': ['Unknown'], 'TotalSysCpuTimeHistory': [0.0]}, '24': {'Retries': 0, 'WallDurations': [0], 'StartTimes': [], 'SubmitTimes': [1621355540.0], 'JobIds': ['64611894.0'], 'EndTimes': [], 'Restarts': 0, 'RecordedSite': False, 'State': 'idle', 'ResidentSetSize': [0], 'TotalUserCpuTimeHistory': [0.0], 'SiteHistory': ['Unknown'], 'TotalSysCpuTimeHistory': [0.0]}, '25': {'Retries': 0, 'WallDurations': [0], 'StartTimes': [], 'SubmitTimes': [1621355540.0], 'JobIds': ['64611898.0'], 'EndTimes': [], 'Restarts': 0, 'RecordedSite': False, 'State': 'idle', 'ResidentSetSize': [0], 'TotalUserCpuTimeHistory': [0.0], 'SiteHistory': ['Unknown'], 'TotalSysCpuTimeHistory': [0.0]}, '26': {'Retries': 0, 'WallDurations': [0], 'StartTimes': [], 'SubmitTimes': [1621355540.0], 'JobIds': ['64611902.0'], 'EndTimes': [], 'Restarts': 0, 'RecordedSite': False, 'State': 'idle', 'ResidentSetSize': [0], 'TotalUserCpuTimeHistory': [0.0], 'SiteHistory': ['Unknown'], 'TotalSysCpuTimeHistory': [0.0]}, '27': {'Retries': 0, 'WallDurations': [0], 'StartTimes': [], 'SubmitTimes': [1621355540.0], 'JobIds': ['64611906.0'], 'EndTimes': [], 'Restarts': 0, 'RecordedSite': False, 'State': 'idle', 'ResidentSetSize': [0], 'TotalUserCpuTimeHistory': [0.0], 'SiteHistory': ['Unknown'], 'TotalSysCpuTimeHistory': [0.0]}, '20': {'Retries': 0, 'WallDurations': [0], 'StartTimes': [], 'SubmitTimes': [1621355532.0], 'JobIds': ['64611869.0'], 'EndTimes': [], 'Restarts': 0, 'RecordedSite': False, 'State': 'idle', 'ResidentSetSize': [0], 'TotalUserCpuTimeHistory': [0.0], 'SiteHistory': ['Unknown'], 'TotalSysCpuTimeHistory': [0.0]}, '21': {'Retries': 0, 'WallDurations': [0], 'StartTimes': [], 'SubmitTimes': [1621355533.0], 'JobIds': ['64611870.0'], 'EndTimes': [], 'Restarts': 0, 'RecordedSite': False, 'State': 'idle', 'ResidentSetSize': [0], 'TotalUserCpuTimeHistory': [0.0], 'SiteHistory': ['Unknown'], 'TotalSysCpuTimeHistory': [0.0]}, '22': {'Retries': 0, 'WallDurations': [0], 'StartTimes': [], 'SubmitTimes': [1621355533.0], 'JobIds': ['64611871.0'], 'EndTimes': [], 'Restarts': 0, 'RecordedSite': False, 'State': 'idle', 'ResidentSetSize': [0], 'TotalUserCpuTimeHistory': [0.0], 'SiteHistory': ['Unknown'], 'TotalSysCpuTimeHistory': [0.0]}, '49': {'Retries': 0, 'WallDurations': [0], 'StartTimes': [], 'SubmitTimes': [1621355552.0], 'JobIds': ['64611969.0'], 'EndTimes': [], 'Restarts': 0, 'RecordedSite': False, 'State': 'idle', 'ResidentSetSize': [0], 'TotalUserCpuTimeHistory': [0.0], 'SiteHistory': ['Unknown'], 'TotalSysCpuTimeHistory': [0.0]}, '46': {'Retries': 0, 'WallDurations': [0], 'StartTimes': [], 'SubmitTimes': [1621355552.0], 'JobIds': ['64611965.0'], 'EndTimes': [], 'Restarts': 0, 'RecordedSite': False, 'State': 'idle', 'ResidentSetSize': [0], 'TotalUserCpuTimeHistory': [0.0], 'SiteHistory': ['Unknown'], 'TotalSysCpuTimeHistory': [0.0]}, '47': {'Retries': 0, 'WallDurations': [0], 'StartTimes': [], 'SubmitTimes': [1621355552.0], 'JobIds': ['64611967.0'], 'EndTimes': [], 'Restarts': 0, 'RecordedSite': False, 'State': 'idle', 'ResidentSetSize': [0], 'TotalUserCpuTimeHistory': [0.0], 'SiteHistory': ['Unknown'], 'TotalSysCpuTimeHistory': [0.0]}, '44': {'Retries': 0, 'WallDurations': [0], 'StartTimes': [], 'SubmitTimes': [1621355551.0], 'JobIds': ['64611963.0'], 'EndTimes': [], 'Restarts': 0, 'RecordedSite': False, 'State': 'idle', 'ResidentSetSize': [0], 'TotalUserCpuTimeHistory': [0.0], 'SiteHistory': ['Unknown'], 'TotalSysCpuTimeHistory': [0.0]}, '45': {'Retries': 0, 'WallDurations': [0], 'StartTimes': [], 'SubmitTimes': [1621355553.0], 'JobIds': ['64611971.0'], 'EndTimes': [], 'Restarts': 0, 'RecordedSite': False, 'State': 'idle', 'ResidentSetSize': [0], 'TotalUserCpuTimeHistory': [0.0], 'SiteHistory': ['Unknown'], 'TotalSysCpuTimeHistory': [0.0]}, '42': {'Retries': 0, 'WallDurations': [0], 'StartTimes': [], 'SubmitTimes': [1621355551.0], 'JobIds': ['64611961.0'], 'EndTimes': [], 'Restarts': 0, 'RecordedSite': False, 'State': 'idle', 'ResidentSetSize': [0], 'TotalUserCpuTimeHistory': [0.0], 'SiteHistory': ['Unknown'], 'TotalSysCpuTimeHistory': [0.0]}, '43': {'Retries': 0, 'WallDurations': [0], 'StartTimes': [], 'SubmitTimes': [1621355552.0], 'JobIds': ['64611970.0'], 'EndTimes': [], 'Restarts': 0, 'RecordedSite': False, 'State': 'idle', 'ResidentSetSize': [0], 'TotalUserCpuTimeHistory': [0.0], 'SiteHistory': ['Unknown'], 'TotalSysCpuTimeHistory': [0.0]}, '40': {'Retries': 0, 'WallDurations': [0], 'StartTimes': [], 'SubmitTimes': [1621355543.0], 'JobIds': ['64611917.0'], 'EndTimes': [], 'Restarts': 0, 'RecordedSite': False, 'State': 'idle', 'ResidentSetSize': [0], 'TotalUserCpuTimeHistory': [0.0], 'SiteHistory': ['Unknown'], 'TotalSysCpuTimeHistory': [0.0]}, '41': {'Retries': 0, 'WallDurations': [0], 'StartTimes': [], 'SubmitTimes': [1621355543.0], 'JobIds': ['64611916.0'], 'EndTimes': [], 'Restarts': 0, 'RecordedSite': False, 'State': 'idle', 'ResidentSetSize': [0], 'TotalUserCpuTimeHistory': [0.0], 'SiteHistory': ['Unknown'], 'TotalSysCpuTimeHistory': [0.0]}, '1': {'Retries': 0, 'WallDurations': [0], 'StartTimes': [], 'SubmitTimes': [1621355519.0], 'JobIds': ['64611799.0'], 'EndTimes': [], 'Restarts': 0, 'RecordedSite': False, 'State': 'idle', 'ResidentSetSize': [0], 'TotalUserCpuTimeHistory': [0.0], 'SiteHistory': ['Unknown'], 'TotalSysCpuTimeHistory': [0.0]}, '3': {'Retries': 0, 'WallDurations': [0], 'StartTimes': [], 'SubmitTimes': [1621355520.0], 'JobIds': ['64611800.0'], 'EndTimes': [], 'Restarts': 0, 'RecordedSite': False, 'State': 'idle', 'ResidentSetSize': [0], 'TotalUserCpuTimeHistory': [0.0], 'SiteHistory': ['Unknown'], 'TotalSysCpuTimeHistory': [0.0]}, '2': {'Retries': 0, 'WallDurations': [0], 'StartTimes': [], 'SubmitTimes': [1621355521.0], 'JobIds': ['64611802.0'], 'EndTimes': [], 'Restarts': 0, 'RecordedSite': False, 'State': 'idle', 'ResidentSetSize': [0], 'TotalUserCpuTimeHistory': [0.0], 'SiteHistory': ['Unknown'], 'TotalSysCpuTimeHistory': [0.0]}, '5': {'Retries': 0, 'WallDurations': [0], 'StartTimes': [], 'SubmitTimes': [1621355522.0], 'JobIds': ['64611806.0'], 'EndTimes': [], 'Restarts': 0, 'RecordedSite': False, 'State': 'idle', 'ResidentSetSize': [0], 'TotalUserCpuTimeHistory': [0.0], 'SiteHistory': ['Unknown'], 'TotalSysCpuTimeHistory': [0.0]}, '4': {'Retries': 0, 'WallDurations': [0], 'StartTimes': [], 'SubmitTimes': [1621355521.0], 'JobIds': ['64611804.0'], 'EndTimes': [], 'Restarts': 0, 'RecordedSite': False, 'State': 'idle', 'ResidentSetSize': [0], 'TotalUserCpuTimeHistory': [0.0], 'SiteHistory': ['Unknown'], 'TotalSysCpuTimeHistory': [0.0]}, '7': {'Retries': 0, 'WallDurations': [0], 'StartTimes': [], 'SubmitTimes': [1621355523.0], 'JobIds': ['64611810.0'], 'EndTimes': [], 'Restarts': 0, 'RecordedSite': False, 'State': 'idle', 'ResidentSetSize': [0], 'TotalUserCpuTimeHistory': [0.0], 'SiteHistory': ['Unknown'], 'TotalSysCpuTimeHistory': [0.0]}, '6': {'Retries': 0, 'WallDurations': [0], 'StartTimes': [], 'SubmitTimes': [1621355522.0], 'JobIds': ['64611808.0'], 'EndTimes': [], 'Restarts': 0, 'RecordedSite': False, 'State': 'idle', 'ResidentSetSize': [0], 'TotalUserCpuTimeHistory': [0.0], 'SiteHistory': ['Unknown'], 'TotalSysCpuTimeHistory': [0.0]}, '9': {'Retries': 0, 'WallDurations': [0], 'StartTimes': [], 'SubmitTimes': [1621355523.0], 'JobIds': ['64611811.0'], 'EndTimes': [], 'Restarts': 0, 'RecordedSite': False, 'State': 'idle', 'ResidentSetSize': [0], 'TotalUserCpuTimeHistory': [0.0], 'SiteHistory': ['Unknown'], 'TotalSysCpuTimeHistory': [0.0]}, '8': {'Retries': 0, 'WallDurations': [0], 'StartTimes': [], 'SubmitTimes': [1621355520.0], 'JobIds': ['64611801.0'], 'EndTimes': [], 'Restarts': 0, 'RecordedSite': False, 'State': 'idle', 'ResidentSetSize': [0], 'TotalUserCpuTimeHistory': [0.0], 'SiteHistory': ['Unknown'], 'TotalSysCpuTimeHistory': [0.0]}, '13': {'Retries': 0, 'WallDurations': [0], 'StartTimes': [], 'SubmitTimes': [1621355529.0], 'JobIds': ['64611855.0'], 'EndTimes': [], 'Restarts': 0, 'RecordedSite': False, 'State': 'idle', 'ResidentSetSize': [0], 'TotalUserCpuTimeHistory': [0.0], 'SiteHistory': ['Unknown'], 'TotalSysCpuTimeHistory': [0.0]}, '12': {'Retries': 0, 'WallDurations': [0], 'StartTimes': [], 'SubmitTimes': [1621355523.0], 'JobIds': ['64611812.0'], 'EndTimes': [], 'Restarts': 0, 'RecordedSite': False, 'State': 'idle', 'ResidentSetSize': [0], 'TotalUserCpuTimeHistory': [0.0], 'SiteHistory': ['Unknown'], 'TotalSysCpuTimeHistory': [0.0]}, '17': {'Retries': 0, 'WallDurations': [0], 'StartTimes': [], 'SubmitTimes': [1621355531.0], 'JobIds': ['64611866.0'], 'EndTimes': [], 'Restarts': 0, 'RecordedSite': False, 'State': 'idle', 'ResidentSetSize': [0], 'TotalUserCpuTimeHistory': [0.0], 'SiteHistory': ['Unknown'], 'TotalSysCpuTimeHistory': [0.0]}, '30': {'Retries': 0, 'WallDurations': [0], 'StartTimes': [], 'SubmitTimes': [1621355541.0], 'JobIds': ['64611913.0'], 'EndTimes': [], 'Restarts': 0, 'RecordedSite': False, 'State': 'idle', 'ResidentSetSize': [0], 'TotalUserCpuTimeHistory': [0.0], 'SiteHistory': ['Unknown'], 'TotalSysCpuTimeHistory': [0.0]}, '32': {'Retries': 0, 'WallDurations': [0], 'StartTimes': [], 'SubmitTimes': [1621355542.0], 'JobIds': ['64611914.0'], 'EndTimes': [], 'Restarts': 0, 'RecordedSite': False, 'State': 'idle', 'ResidentSetSize': [0], 'TotalUserCpuTimeHistory': [0.0], 'SiteHistory': ['Unknown'], 'TotalSysCpuTimeHistory': [0.0]}, '58': {'Retries': 0, 'WallDurations': [0], 'StartTimes': [], 'SubmitTimes': [1621355555.0], 'JobIds': ['64611979.0'], 'EndTimes': [], 'Restarts': 0, 'RecordedSite': False, 'State': 'idle', 'ResidentSetSize': [0], 'TotalUserCpuTimeHistory': [0.0], 'SiteHistory': ['Unknown'], 'TotalSysCpuTimeHistory': [0.0]}, '11': {'Retries': 0, 'WallDurations': [0], 'StartTimes': [], 'SubmitTimes': [1621355529.0], 'JobIds': ['64611851.0'], 'EndTimes': [], 'Restarts': 0, 'RecordedSite': False, 'State': 'idle', 'ResidentSetSize': [0], 'TotalUserCpuTimeHistory': [0.0], 'SiteHistory': ['Unknown'], 'TotalSysCpuTimeHistory': [0.0]}, '10': {'Retries': 0, 'WallDurations': [0], 'StartTimes': [], 'SubmitTimes': [1621355528.0], 'JobIds': ['64611847.0'], 'EndTimes': [], 'Restarts': 0, 'RecordedSite': False, 'State': 'idle', 'ResidentSetSize': [0], 'TotalUserCpuTimeHistory': [0.0], 'SiteHistory': ['Unknown'], 'TotalSysCpuTimeHistory': [0.0]}, '39': {'Retries': 0, 'WallDurations': [0], 'StartTimes': [], 'SubmitTimes': [1621355551.0], 'JobIds': ['64611958.0'], 'EndTimes': [], 'Restarts': 0, 'RecordedSite': False, 'State': 'idle', 'ResidentSetSize': [0], 'TotalUserCpuTimeHistory': [0.0], 'SiteHistory': ['Unknown'], 'TotalSysCpuTimeHistory': [0.0]}, '38': {'Retries': 0, 'WallDurations': [0], 'StartTimes': [], 'SubmitTimes': [1621355545.0], 'JobIds': ['64611921.0'], 'EndTimes': [], 'Restarts': 0, 'RecordedSite': False, 'State': 'idle', 'ResidentSetSize': [0], 'TotalUserCpuTimeHistory': [0.0], 'SiteHistory': ['Unknown'], 'TotalSysCpuTimeHistory': [0.0]}, '15': {'Retries': 0, 'WallDurations': [0], 'StartTimes': [], 'SubmitTimes': [1621355530.0], 'JobIds': ['64611862.0'], 'EndTimes': [], 'Restarts': 0, 'RecordedSite': False, 'State': 'idle', 'ResidentSetSize': [0], 'TotalUserCpuTimeHistory': [0.0], 'SiteHistory': ['Unknown'], 'TotalSysCpuTimeHistory': [0.0]}, '48': {'Retries': 0, 'WallDurations': [0], 'StartTimes': [], 'SubmitTimes': [1621355552.0], 'JobIds': ['64611968.0'], 'EndTimes': [], 'Restarts': 0, 'RecordedSite': False, 'State': 'idle', 'ResidentSetSize': [0], 'TotalUserCpuTimeHistory': [0.0], 'SiteHistory': ['Unknown'], 'TotalSysCpuTimeHistory': [0.0]}, '14': {'Retries': 0, 'WallDurations': [0], 'StartTimes': [], 'SubmitTimes': [1621355529.0], 'JobIds': ['64611859.0'], 'EndTimes': [], 'Restarts': 0, 'RecordedSite': False, 'State': 'idle', 'ResidentSetSize': [0], 'TotalUserCpuTimeHistory': [0.0], 'SiteHistory': ['Unknown'], 'TotalSysCpuTimeHistory': [0.0]}, '16': {'Retries': 0, 'WallDurations': [0], 'StartTimes': [], 'SubmitTimes': [1621355530.0], 'JobIds': ['64611865.0'], 'EndTimes': [], 'Restarts': 0, 'RecordedSite': False, 'State': 'idle', 'ResidentSetSize': [0], 'TotalUserCpuTimeHistory': [0.0], 'SiteHistory': ['Unknown'], 'TotalSysCpuTimeHistory': [0.0]}, '19': {'Retries': 0, 'WallDurations': [0], 'StartTimes': [], 'SubmitTimes': [1621355531.0], 'JobIds': ['64611868.0'], 'EndTimes': [], 'Restarts': 0, 'RecordedSite': False, 'State': 'idle', 'ResidentSetSize': [0], 'TotalUserCpuTimeHistory': [0.0], 'SiteHistory': ['Unknown'], 'TotalSysCpuTimeHistory': [0.0]}, '54': {'Retries': 0, 'WallDurations': [0], 'StartTimes': [], 'SubmitTimes': [1621355554.0], 'JobIds': ['64611976.0'], 'EndTimes': [], 'Restarts': 0, 'RecordedSite': False, 'State': 'idle', 'ResidentSetSize': [0], 'TotalUserCpuTimeHistory': [0.0], 'SiteHistory': ['Unknown'], 'TotalSysCpuTimeHistory': [0.0]}, '57': {'Retries': 0, 'WallDurations': [0], 'StartTimes': [], 'SubmitTimes': [1621355556.0], 'JobIds': ['64611980.0'], 'EndTimes': [], 'Restarts': 0, 'RecordedSite': False, 'State': 'idle', 'ResidentSetSize': [0], 'TotalUserCpuTimeHistory': [0.0], 'SiteHistory': ['Unknown'], 'TotalSysCpuTimeHistory': [0.0]}, '23': {'Retries': 0, 'WallDurations': [0], 'StartTimes': [], 'SubmitTimes': [1621355534.0], 'JobIds': ['64611873.0'], 'EndTimes': [], 'Restarts': 0, 'RecordedSite': False, 'State': 'idle', 'ResidentSetSize': [0], 'TotalUserCpuTimeHistory': [0.0], 'SiteHistory': ['Unknown'], 'TotalSysCpuTimeHistory': [0.0]}, '51': {'Retries': 0, 'WallDurations': [0], 'StartTimes': [], 'SubmitTimes': [1621355553.0], 'JobIds': ['64611974.0'], 'EndTimes': [], 'Restarts': 0, 'RecordedSite': False, 'State': 'idle', 'ResidentSetSize': [0], 'TotalUserCpuTimeHistory': [0.0], 'SiteHistory': ['Unknown'], 'TotalSysCpuTimeHistory': [0.0]}, '36': {'Retries': 0, 'WallDurations': [0], 'StartTimes': [], 'SubmitTimes': [1621355544.0], 'JobIds': ['64611919.0'], 'EndTimes': [], 'Restarts': 0, 'RecordedSite': False, 'State': 'idle', 'ResidentSetSize': [0], 'TotalUserCpuTimeHistory': [0.0], 'SiteHistory': ['Unknown'], 'TotalSysCpuTimeHistory': [0.0]}, '53': {'Retries': 0, 'WallDurations': [0], 'StartTimes': [], 'SubmitTimes': [1621355554.0], 'JobIds': ['64611975.0'], 'EndTimes': [], 'Restarts': 0, 'RecordedSite': False, 'State': 'idle', 'ResidentSetSize': [0], 'TotalUserCpuTimeHistory': [0.0], 'SiteHistory': ['Unknown'], 'TotalSysCpuTimeHistory': [0.0]}, '52': {'Retries': 0, 'WallDurations': [0], 'StartTimes': [], 'SubmitTimes': [1621355553.0], 'JobIds': ['64611973.0'], 'EndTimes': [], 'Restarts': 0, 'RecordedSite': False, 'State': 'idle', 'ResidentSetSize': [0], 'TotalUserCpuTimeHistory': [0.0], 'SiteHistory': ['Unknown'], 'TotalSysCpuTimeHistory': [0.0]}, '33': {'Retries': 0, 'WallDurations': [0], 'StartTimes': [], 'SubmitTimes': [1621355551.0], 'JobIds': ['64611956.0'], 'EndTimes': [], 'Restarts': 0, 'RecordedSite': False, 'State': 'idle', 'ResidentSetSize': [0], 'TotalUserCpuTimeHistory': [0.0], 'SiteHistory': ['Unknown'], 'TotalSysCpuTimeHistory': [0.0]}, '55': {'Retries': 0, 'WallDurations': [0], 'StartTimes': [], 'SubmitTimes': [1621355554.0], 'JobIds': ['64611977.0'], 'EndTimes': [], 'Restarts': 0, 'RecordedSite': False, 'State': 'idle', 'ResidentSetSize': [0], 'TotalUserCpuTimeHistory': [0.0], 'SiteHistory': ['Unknown'], 'TotalSysCpuTimeHistory': [0.0]}, '37': {'Retries': 0, 'WallDurations': [0], 'StartTimes': [], 'SubmitTimes': [1621355544.0], 'JobIds': ['64611920.0'], 'EndTimes': [], 'Restarts': 0, 'RecordedSite': False, 'State': 'idle', 'ResidentSetSize': [0], 'TotalUserCpuTimeHistory': [0.0], 'SiteHistory': ['Unknown'], 'TotalSysCpuTimeHistory': [0.0]}, '18': {'Retries': 0, 'WallDurations': [0], 'StartTimes': [], 'SubmitTimes': [1621355531.0], 'JobIds': ['64611867.0'], 'EndTimes': [], 'Restarts': 0, 'RecordedSite': False, 'State': 'idle', 'ResidentSetSize': [0], 'TotalUserCpuTimeHistory': [0.0], 'SiteHistory': ['Unknown'], 'TotalSysCpuTimeHistory': [0.0]}, '31': {'Retries': 0, 'WallDurations': [0], 'StartTimes': [], 'SubmitTimes': [1621355561.0], 'JobIds': ['64611999.0'], 'EndTimes': [], 'Restarts': 0, 'RecordedSite': False, 'State': 'idle', 'ResidentSetSize': [0], 'TotalUserCpuTimeHistory': [0.0], 'SiteHistory': ['Unknown'], 'TotalSysCpuTimeHistory': [0.0]}, '50': {'Retries': 0, 'WallDurations': [0], 'StartTimes': [], 'SubmitTimes': [1621355553.0], 'JobIds': ['64611972.0'], 'EndTimes': [], 'Restarts': 0, 'RecordedSite': False, 'State': 'idle', 'ResidentSetSize': [0], 'TotalUserCpuTimeHistory': [0.0], 'SiteHistory': ['Unknown'], 'TotalSysCpuTimeHistory': [0.0]}}
INFO 2021-05-18 16:33:20.937 UTC: 	 Status on the scheduler:	SUBMITTED
INFO 2021-05-18 16:33:20.937 UTC: 	 
Jobs status:                    idle         		100.0% (58/58)
INFO 2021-05-18 16:33:20.937 UTC: 	 
No publication information available yet
INFO 2021-05-18 16:33:20.944 UTC: 	 Log file is /uscms_data/d3/adas2/pythia-stuff/EXO-MCsampleProductions/FullSimulation/RunIISummer20UL18/SIM__CMSSW_10_6_17_patch1/src/inputs/SIM_210518113034/crab_projects/crab_SIM_210518113034/crab.log
